  [1m[35m (105.9ms)[0m  [1m[35mCREATE DATABASE "brandeisClassHub_development" ENCODING = 'unicode'[0m
  [1m[35m (83.7ms)[0m  [1m[35mCREATE DATABASE "brandeisClassHub_test" ENCODING = 'unicode'[0m
Started GET "/" for 127.0.0.1 at 2022-09-16 15:24:29 -0400
Processing by Rails::WelcomeController#index as HTML
  Rendering /Users/jiefang/.rbenv/versions/3.1.2/lib/ruby/gems/3.1.0/gems/railties-7.0.4/lib/rails/templates/rails/welcome/index.html.erb
  Rendered /Users/jiefang/.rbenv/versions/3.1.2/lib/ruby/gems/3.1.0/gems/railties-7.0.4/lib/rails/templates/rails/welcome/index.html.erb (Duration: 2.7ms | Allocations: 635)
Completed 200 OK in 24ms (Views: 9.7ms | ActiveRecord: 0.0ms | Allocations: 5094)


  [1m[35m (38.9ms)[0m  [1m[35mCREATE TABLE "schema_migrations" ("version" character varying NOT NULL PRIMARY KEY)[0m
  [1m[35m (6.9ms)[0m  [1m[35mCREATE TABLE "ar_internal_metadata" ("key" character varying NOT NULL PRIMARY KEY, "value" character varying, "created_at" timestamp(6) NOT NULL, "updated_at" timestamp(6) NOT NULL)[0m
  [1m[35m (0.9ms)[0m  [1m[34mSELECT pg_try_advisory_lock(550586485133283165)[0m
  [1m[36mActiveRecord::SchemaMigration Pluck (1.5ms)[0m  [1m[34mSELECT "schema_migrations"."version" FROM "schema_migrations" ORDER BY "schema_migrations"."version" ASC[0m
Migrating to CreateEvents (20220916192756)
  [1m[36mTRANSACTION (0.3ms)[0m  [1m[35mBEGIN[0m
  [1m[35m (12.2ms)[0m  [1m[35mCREATE TABLE "events" ("id" bigserial primary key, "content" text, "user_id" integer, "created_at" timestamp(6) NOT NULL, "updated_at" timestamp(6) NOT NULL)[0m
  [1m[36mActiveRecord::SchemaMigration Create (1.2ms)[0m  [1m[32mINSERT INTO "schema_migrations" ("version") VALUES ($1) RETURNING "version"[0m  [["version", "20220916192756"]]
  [1m[36mTRANSACTION (0.8ms)[0m  [1m[35mCOMMIT[0m
  [1m[36mActiveRecord::InternalMetadata Load (0.3ms)[0m  [1m[34mSELECT "ar_internal_metadata".* FROM "ar_internal_metadata" WHERE "ar_internal_metadata"."key" = $1 LIMIT $2[0m  [["key", "environment"], ["LIMIT", 1]]
  [1m[36mTRANSACTION (0.2ms)[0m  [1m[35mBEGIN[0m
  [1m[36mActiveRecord::InternalMetadata Create (1.0ms)[0m  [1m[32mINSERT INTO "ar_internal_metadata" ("key", "value", "created_at", "updated_at") VALUES ($1, $2, $3, $4) RETURNING "key"[0m  [["key", "environment"], ["value", "development"], ["created_at", "2022-09-16 19:28:42.185247"], ["updated_at", "2022-09-16 19:28:42.185247"]]
  [1m[36mTRANSACTION (0.6ms)[0m  [1m[35mCOMMIT[0m
  [1m[35m (0.2ms)[0m  [1m[34mSELECT pg_advisory_unlock(550586485133283165)[0m
  [1m[36mActiveRecord::SchemaMigration Pluck (1.2ms)[0m  [1m[34mSELECT "schema_migrations"."version" FROM "schema_migrations" ORDER BY "schema_migrations"."version" ASC[0m
Started GET "/" for 127.0.0.1 at 2022-09-16 15:30:11 -0400
  [1m[36mActiveRecord::SchemaMigration Pluck (0.5ms)[0m  [1m[34mSELECT "schema_migrations"."version" FROM "schema_migrations" ORDER BY "schema_migrations"."version" ASC[0m
Processing by Rails::WelcomeController#index as HTML
  Rendering /Users/jiefang/.rbenv/versions/3.1.2/lib/ruby/gems/3.1.0/gems/railties-7.0.4/lib/rails/templates/rails/welcome/index.html.erb
  Rendered /Users/jiefang/.rbenv/versions/3.1.2/lib/ruby/gems/3.1.0/gems/railties-7.0.4/lib/rails/templates/rails/welcome/index.html.erb (Duration: 1.8ms | Allocations: 527)
Completed 200 OK in 15ms (Views: 6.4ms | ActiveRecord: 0.0ms | Allocations: 3763)


Started GET "/" for 127.0.0.1 at 2022-09-16 15:30:15 -0400
Processing by Rails::WelcomeController#index as HTML
  Rendering /Users/jiefang/.rbenv/versions/3.1.2/lib/ruby/gems/3.1.0/gems/railties-7.0.4/lib/rails/templates/rails/welcome/index.html.erb
  Rendered /Users/jiefang/.rbenv/versions/3.1.2/lib/ruby/gems/3.1.0/gems/railties-7.0.4/lib/rails/templates/rails/welcome/index.html.erb (Duration: 1.1ms | Allocations: 297)
Completed 200 OK in 4ms (Views: 2.8ms | ActiveRecord: 0.0ms | Allocations: 1019)


Started GET "/evnts" for 127.0.0.1 at 2022-09-16 15:30:16 -0400
  
ActionController::RoutingError (No route matches [GET] "/evnts"):
  
Started GET "/event" for 127.0.0.1 at 2022-09-16 15:30:22 -0400
  
ActionController::RoutingError (No route matches [GET] "/event"):
  
Started GET "/events" for 127.0.0.1 at 2022-09-16 15:30:25 -0400
Processing by EventsController#index as HTML
  Rendering layout layouts/application.html.erb
  Rendering events/index.html.erb within layouts/application
  [1m[36mEvent Load (3.5ms)[0m  [1m[34mSELECT "events".* FROM "events"[0m
  ↳ app/views/events/index.html.erb:6
  Rendered events/index.html.erb within layouts/application (Duration: 7.0ms | Allocations: 1382)
  Rendered layout layouts/application.html.erb (Duration: 363.4ms | Allocations: 90284)
Completed 200 OK in 373ms (Views: 361.7ms | ActiveRecord: 3.5ms | Allocations: 92056)


Started GET "/events/new" for 127.0.0.1 at 2022-09-16 15:30:28 -0400
Processing by EventsController#new as HTML
  Rendering layout layouts/application.html.erb
  Rendering events/new.html.erb within layouts/application
  Rendered events/_form.html.erb (Duration: 30.3ms | Allocations: 4902)
  Rendered events/new.html.erb within layouts/application (Duration: 33.2ms | Allocations: 5239)
  Rendered layout layouts/application.html.erb (Duration: 37.2ms | Allocations: 7541)
Completed 200 OK in 91ms (Views: 37.9ms | ActiveRecord: 28.5ms | Allocations: 12278)


Started POST "/events" for 127.0.0.1 at 2022-09-16 15:30:37 -0400
Processing by EventsController#create as TURBO_STREAM
  Parameters: {"authenticity_token"=>"[FILTERED]", "event"=>{"content"=>"efnjehfiajfakjfh", "user_id"=>"1"}, "commit"=>"Create Event"}
  [1m[36mTRANSACTION (0.2ms)[0m  [1m[35mBEGIN[0m
  ↳ app/controllers/events_controller.rb:27:in `block in create'
  [1m[36mEvent Create (0.9ms)[0m  [1m[32mINSERT INTO "events" ("content", "user_id", "created_at", "updated_at") VALUES ($1, $2, $3, $4) RETURNING "id"[0m  [["content", "efnjehfiajfakjfh"], ["user_id", 1], ["created_at", "2022-09-16 19:30:37.666220"], ["updated_at", "2022-09-16 19:30:37.666220"]]
  ↳ app/controllers/events_controller.rb:27:in `block in create'
  [1m[36mTRANSACTION (3.0ms)[0m  [1m[35mCOMMIT[0m
  ↳ app/controllers/events_controller.rb:27:in `block in create'
Redirected to http://127.0.0.1:3000/events/1
Completed 302 Found in 12ms (ActiveRecord: 4.1ms | Allocations: 3806)


Started GET "/events/1" for 127.0.0.1 at 2022-09-16 15:30:37 -0400
Processing by EventsController#show as TURBO_STREAM
  Parameters: {"id"=>"1"}
  [1m[36mEvent Load (0.4ms)[0m  [1m[34mSELECT "events".* FROM "events" WHERE "events"."id" = $1 LIMIT $2[0m  [["id", 1], ["LIMIT", 1]]
  ↳ app/controllers/events_controller.rb:63:in `set_event'
  Rendering layout layouts/application.html.erb
  Rendering events/show.html.erb within layouts/application
  Rendered events/_event.html.erb (Duration: 0.9ms | Allocations: 226)
  Rendered events/show.html.erb within layouts/application (Duration: 6.5ms | Allocations: 1629)
  Rendered layout layouts/application.html.erb (Duration: 10.1ms | Allocations: 3911)
Completed 200 OK in 17ms (Views: 10.7ms | ActiveRecord: 0.6ms | Allocations: 6760)


